<?xml version="1.0" encoding="UTF-8"?>
<!-- Generated by org.testng.reporters.JUnitXMLReporter -->
<testsuite hostname="WKWIN9985523" ignored="0" name="Validating feature text" tests="1" failures="1" timestamp="2021-02-14T16:24:15 IST" time="16.329" errors="0">
  <testcase name="validateFeaturedText" time="0.311" classname="Framework.Kaustubh.featureTextTest">
    <failure type="java.lang.AssertionError" message="expected [FEATURED COURSES] but found [FEATURED COURSES1]">
      <![CDATA[java.lang.AssertionError: expected [FEATURED COURSES] but found [FEATURED COURSES1]
at Framework.Kaustubh.featureTextTest.validateFeaturedText(featureTextTest.java:48)
at java.util.ArrayList.forEach(ArrayList.java:1257)
at java.util.concurrent.FutureTask.run(FutureTask.java:266)
at java.util.concurrent.ThreadPoolExecutor.runWorker(ThreadPoolExecutor.java:1149)
at java.util.concurrent.ThreadPoolExecutor$Worker.run(ThreadPoolExecutor.java:624)
at java.lang.Thread.run(Thread.java:748)
... Removed 24 stack frames]]>
    </failure>
  </testcase> <!-- validateFeaturedText -->
</testsuite> <!-- Validating feature text -->
