<?xml version="1.0" encoding="UTF-8"?>
<!-- Generated by org.testng.reporters.JUnitXMLReporter -->
<testsuite ignored="0" hostname="WKWIN9985523" failures="0" tests="4" name="Test" time="0.109" errors="0" timestamp="2021-02-15T16:00:25 IST">
  <testcase classname="Framework.Kaustubh.HomePageTest" name="@BeforeTest initialize" time="0.009">
    <failure type="java.lang.NullPointerException" message="Cannot invoke &amp;quot;String.contains(java.lang.CharSequence)&amp;quot; because &amp;quot;bs&amp;quot; is null">
      <![CDATA[java.lang.NullPointerException: Cannot invoke "String.contains(java.lang.CharSequence)" because "bs" is null
at resources.base.initializeDriver(base.java:42)
at Framework.Kaustubh.HomePageTest.initialize(HomePageTest.java:26)
... Removed 24 stack frames]]>
    </failure>
  </testcase> <!-- @BeforeTest initialize -->
  <testcase classname="Framework.Kaustubh.RightNavTest" name="@BeforeTest initialize" time="-1.613385025492E9">
    <skipped/>
  </testcase> <!-- @BeforeTest initialize -->
  <testcase classname="Framework.Kaustubh.featureTextTest" name="@BeforeTest initialize" time="-1.613385025498E9">
    <skipped/>
  </testcase> <!-- @BeforeTest initialize -->
  <testcase classname="Framework.Kaustubh.HomePageTest" name="@AfterTest closeBrowser" time="-1.613385025565E9">
    <skipped/>
  </testcase> <!-- @AfterTest closeBrowser -->
  <testcase classname="Framework.Kaustubh.RightNavTest" name="@AfterTest closeBrowser" time="-1.613385025568E9">
    <skipped/>
  </testcase> <!-- @AfterTest closeBrowser -->
  <testcase classname="Framework.Kaustubh.featureTextTest" name="@AfterTest closeBrowser" time="-1.61338502557E9">
    <skipped/>
  </testcase> <!-- @AfterTest closeBrowser -->
  <testcase classname="Framework.Kaustubh.RightNavTest" name="validateFeaturedText" time="0.0">
    <skipped/>
  </testcase> <!-- validateFeaturedText -->
  <testcase classname="Framework.Kaustubh.featureTextTest" name="validateFeaturedText" time="0.0">
    <skipped/>
  </testcase> <!-- validateFeaturedText -->
  <testcase classname="Framework.Kaustubh.HomePageTest" name="baseNavigation" time="0.0">
    <skipped/>
  </testcase> <!-- baseNavigation -->
  <testcase classname="Framework.Kaustubh.HomePageTest" name="baseNavigation" time="0.0">
    <skipped/>
  </testcase> <!-- baseNavigation -->
</testsuite> <!-- Test -->
