<?xml version="1.0" encoding="UTF-8"?>
<!-- Generated by org.testng.reporters.JUnitXMLReporter -->
<testsuite ignored="0" hostname="WKWIN9985523" failures="0" tests="1" name="Validating feature text" time="0.102" errors="0" timestamp="2021-02-15T16:17:42 IST">
  <testcase classname="Framework.Kaustubh.HomePageTest" name="@BeforeTest initialize" time="0.007">
    <failure type="java.lang.NullPointerException" message="Cannot invoke &amp;quot;String.contains(java.lang.CharSequence)&amp;quot; because &amp;quot;bs&amp;quot; is null">
      <![CDATA[java.lang.NullPointerException: Cannot invoke "String.contains(java.lang.CharSequence)" because "bs" is null
at resources.base.initializeDriver(base.java:42)
at Framework.Kaustubh.HomePageTest.initialize(HomePageTest.java:26)
at java.base/java.util.concurrent.FutureTask.run(FutureTask.java:264)
at java.base/java.util.concurrent.ThreadPoolExecutor.runWorker(ThreadPoolExecutor.java:1130)
at java.base/java.util.concurrent.ThreadPoolExecutor$Worker.run(ThreadPoolExecutor.java:630)
at java.base/java.lang.Thread.run(Thread.java:832)
... Removed 15 stack frames]]>
    </failure>
  </testcase> <!-- @BeforeTest initialize -->
  <testcase classname="Framework.Kaustubh.featureTextTest" name="@BeforeTest initialize" time="0.006">
    <failure type="java.lang.NullPointerException" message="Cannot invoke &amp;quot;String.contains(java.lang.CharSequence)&amp;quot; because &amp;quot;bs&amp;quot; is null">
      <![CDATA[java.lang.NullPointerException: Cannot invoke "String.contains(java.lang.CharSequence)" because "bs" is null
at resources.base.initializeDriver(base.java:42)
at Framework.Kaustubh.featureTextTest.initialize(featureTextTest.java:26)
at java.base/java.util.concurrent.FutureTask.run(FutureTask.java:264)
at java.base/java.util.concurrent.ThreadPoolExecutor.runWorker(ThreadPoolExecutor.java:1130)
at java.base/java.util.concurrent.ThreadPoolExecutor$Worker.run(ThreadPoolExecutor.java:630)
at java.base/java.lang.Thread.run(Thread.java:832)
... Removed 15 stack frames]]>
    </failure>
  </testcase> <!-- @BeforeTest initialize -->
  <testcase classname="Framework.Kaustubh.featureTextTest" name="@AfterTest closeBrowser" time="-1.613386062314E9">
    <skipped/>
  </testcase> <!-- @AfterTest closeBrowser -->
  <testcase classname="Framework.Kaustubh.HomePageTest" name="@AfterTest closeBrowser" time="-1.613386062323E9">
    <skipped/>
  </testcase> <!-- @AfterTest closeBrowser -->
  <testcase classname="Framework.Kaustubh.featureTextTest" name="validateFeaturedText" time="0.0">
    <skipped/>
  </testcase> <!-- validateFeaturedText -->
</testsuite> <!-- Validating feature text -->
